Adding darts to panel pant_b_l
double_dart=True, dart_width=5.6202381303218, dart_depth=20.680000000000003
Initial top edge: [-32.7702381303218, 35.14] -> [-7.600000000000001, 35.14]

Adding dart #1
Offset: -15.590178597741351, Left edge length: 25.1702381303218
Original edges count: 1
After adding dart, total edges: 4
Dart indices: start=0, end=4

Adding dart #2
Offset: -8.23005953258045, Left edge length: 14.185119078068734
Original edges count: 4
After adding dart, total edges: 7
Dart indices: start=3, end=7

--- Adding semantic labels to dart edges ---
Processing dart #1: indices 0 to 4
  Edge 0 is an interface edge, skipping
Edge 1 labeled as dart_1 (middle edge)
Edge 2 labeled as dart_1 (middle edge)
  Edge 3 is an interface edge, skipping
Processing dart #2: indices 3 to 7
  Edge 3 is an interface edge, skipping
Edge 4 labeled as dart_2 (middle edge)
Edge 5 labeled as dart_2 (middle edge)
  Edge 6 is an interface edge, skipping
